<?xml version="1.0" encoding="UTF-8"?>
<!-- Generated by org.testng.reporters.JUnitReportReporter -->
<testsuite hostname="QT-INNO-LT1414" failures="0" tests="11" name="Letscodeit.LetsCodeIT" time="54.349" errors="0" timestamp="2022-05-08T18:10:21 IST" skipped="0">
  <testcase classname="Letscodeit.LetsCodeIT" name="newTab" time="6.454"/>
  <system-out/>
  <testcase classname="Letscodeit.LetsCodeIT" name="MultipleSelect" time="2.170"/>
  <system-out/>
  <testcase classname="Letscodeit.LetsCodeIT" name="RadioButtonTest" time="2.094"/>
  <system-out/>
  <testcase classname="Letscodeit.LetsCodeIT" name="CheckBox" time="2.139"/>
  <system-out/>
  <testcase classname="Letscodeit.LetsCodeIT" name="SwitchWindow" time="4.245"/>
  <system-out/>
  <testcase classname="Letscodeit.LetsCodeIT" name="hide" time="4.208"/>
  <system-out/>
  <testcase classname="Letscodeit.LetsCodeIT" name="mouseHover" time="9.563"/>
  <system-out/>
  <testcase classname="Letscodeit.LetsCodeIT" name="Alert" time="8.343"/>
  <system-out/>
  <testcase classname="Letscodeit.LetsCodeIT" name="Enable" time="4.259"/>
  <system-out/>
  <testcase classname="Letscodeit.LetsCodeIT" name="DropDown" time="2.110"/>
  <system-out/>
  <testcase classname="Letscodeit.LetsCodeIT" name="iframe" time="8.764"/>
  <system-out/>
</testsuite> <!-- Letscodeit.LetsCodeIT -->
